2019-12-07 11:53:19,002 DEBUG cellsites Distributing cellsites
2019-12-07 11:53:19,003 DEBUG cellsites Performing gradient descent
2019-12-07 11:53:19,847 DEBUG cellsites Optimal K = 17
2019-12-07 11:53:19,848 DEBUG cellsites Performing gradient descent
2019-12-07 11:53:21,168 DEBUG cellsites Optimal K = 22
2019-12-07 11:53:21,169 DEBUG cellsites Performing gradient descent
2019-12-07 11:53:24,046 DEBUG cellsites Optimal K = 34
2019-12-07 11:53:24,047 DEBUG cellsites Performing gradient descent
2019-12-07 11:53:24,832 DEBUG cellsites Optimal K = 16
2019-12-07 11:53:24,832 DEBUG cellsites Performing gradient descent
2019-12-07 11:53:27,248 DEBUG cellsites Optimal K = 30
2019-12-07 11:53:27,249 DEBUG cellsites Cellsite distribution done
2019-12-08 11:09:12,666 DEBUG cellsites Distributing cellsites
2019-12-08 11:09:12,668 DEBUG cellsites Performing gradient descent
2019-12-08 11:09:13,494 DEBUG cellsites Optimal K = 17
2019-12-08 11:09:13,495 DEBUG cellsites Performing gradient descent
2019-12-08 11:09:14,923 DEBUG cellsites Optimal K = 22
2019-12-08 11:09:14,924 DEBUG cellsites Performing gradient descent
2019-12-08 11:09:17,978 DEBUG cellsites Optimal K = 34
2019-12-08 11:09:17,978 DEBUG cellsites Performing gradient descent
2019-12-08 11:09:18,721 DEBUG cellsites Optimal K = 16
2019-12-08 11:09:18,721 DEBUG cellsites Performing gradient descent
2019-12-08 11:09:21,219 DEBUG cellsites Optimal K = 30
2019-12-08 11:09:21,219 DEBUG cellsites Cellsite distribution done
2019-12-08 11:13:28,652 DEBUG cellsites Distributing cellsites
2019-12-08 11:13:28,653 DEBUG cellsites Performing gradient descent
2019-12-08 11:13:29,449 DEBUG cellsites Optimal K = 17
2019-12-08 11:13:29,449 DEBUG cellsites Performing gradient descent
2019-12-08 11:13:30,982 DEBUG cellsites Optimal K = 23
2019-12-08 11:13:30,982 DEBUG cellsites Performing gradient descent
2019-12-08 11:13:34,128 DEBUG cellsites Optimal K = 35
2019-12-08 11:13:34,128 DEBUG cellsites Performing gradient descent
2019-12-08 11:13:34,830 DEBUG cellsites Optimal K = 16
2019-12-08 11:13:34,831 DEBUG cellsites Performing gradient descent
2019-12-08 11:13:37,369 DEBUG cellsites Optimal K = 31
2019-12-08 11:13:37,369 DEBUG cellsites Cellsite distribution done
2020-01-27 08:52:32,104 DEBUG cellsites Distributing cellsites
2020-01-27 08:52:32,105 DEBUG cellsites Performing gradient descent
2020-01-27 08:52:32,832 DEBUG cellsites Optimal K = 17
2020-01-27 08:52:32,832 DEBUG cellsites Performing gradient descent
2020-01-27 08:52:34,121 DEBUG cellsites Optimal K = 23
2020-01-27 08:52:34,121 DEBUG cellsites Performing gradient descent
2020-01-27 08:52:36,650 DEBUG cellsites Optimal K = 34
2020-01-27 08:52:36,650 DEBUG cellsites Performing gradient descent
2020-01-27 08:52:37,341 DEBUG cellsites Optimal K = 16
2020-01-27 08:52:37,342 DEBUG cellsites Performing gradient descent
2020-01-27 08:52:39,442 DEBUG cellsites Optimal K = 31
2020-01-27 08:52:39,442 DEBUG cellsites Cellsite distribution done
2020-01-27 08:54:44,015 DEBUG cellsites Distributing cellsites
2020-01-27 08:54:44,015 DEBUG cellsites Performing gradient descent
2020-01-27 08:54:44,726 DEBUG cellsites Optimal K = 17
2020-01-27 08:54:44,726 DEBUG cellsites Performing gradient descent
2020-01-27 08:54:45,905 DEBUG cellsites Optimal K = 22
2020-01-27 08:54:45,905 DEBUG cellsites Performing gradient descent
2020-01-27 08:54:48,685 DEBUG cellsites Optimal K = 35
2020-01-27 08:54:48,685 DEBUG cellsites Performing gradient descent
2020-01-27 08:54:49,374 DEBUG cellsites Optimal K = 16
2020-01-27 08:54:49,374 DEBUG cellsites Performing gradient descent
2020-01-27 08:54:51,423 DEBUG cellsites Optimal K = 30
2020-01-27 08:55:39,037 DEBUG cellsites Distributing cellsites
2020-01-27 08:55:39,037 DEBUG cellsites Performing gradient descent
2020-01-27 08:55:39,732 DEBUG cellsites Optimal K = 17
2020-01-27 08:55:39,732 DEBUG cellsites Performing gradient descent
2020-01-27 08:55:41,007 DEBUG cellsites Optimal K = 23
2020-01-27 08:55:41,008 DEBUG cellsites Performing gradient descent
2020-01-27 08:55:43,745 DEBUG cellsites Optimal K = 34
2020-01-27 08:55:43,745 DEBUG cellsites Performing gradient descent
2020-01-27 08:55:44,494 DEBUG cellsites Optimal K = 17
2020-01-27 08:55:44,495 DEBUG cellsites Performing gradient descent
2020-01-27 08:55:46,746 DEBUG cellsites Optimal K = 31
2020-01-27 08:56:17,711 DEBUG cellsites Distributing cellsites
2020-01-27 08:56:17,711 DEBUG cellsites Performing gradient descent
2020-01-27 08:56:18,548 DEBUG cellsites Optimal K = 17
2020-01-27 08:56:18,548 DEBUG cellsites Performing gradient descent
2020-01-27 08:56:19,788 DEBUG cellsites Optimal K = 23
2020-01-27 08:56:19,788 DEBUG cellsites Performing gradient descent
2020-01-27 08:56:22,543 DEBUG cellsites Optimal K = 35
2020-01-27 08:56:22,544 DEBUG cellsites Performing gradient descent
2020-01-27 08:56:23,233 DEBUG cellsites Optimal K = 16
2020-01-27 08:56:23,233 DEBUG cellsites Performing gradient descent
2020-01-27 08:56:25,283 DEBUG cellsites Optimal K = 30
2020-01-27 08:56:44,298 DEBUG cellsites Distributing cellsites ...
2020-01-27 08:56:44,299 DEBUG cellsites Performing gradient descent ...
2020-01-27 08:56:45,041 DEBUG cellsites Optimal K = 17 ...
2020-01-27 08:56:45,041 DEBUG cellsites Performing gradient descent ...
2020-01-27 08:56:46,360 DEBUG cellsites Optimal K = 23 ...
2020-01-27 08:56:46,361 DEBUG cellsites Performing gradient descent ...
2020-01-27 08:56:57,403 DEBUG cellsites Distributing cellsites...
2020-01-27 08:56:57,403 DEBUG cellsites Performing gradient descent...
2020-01-27 08:56:58,139 DEBUG cellsites Optimal K = 17...
2020-01-27 08:56:58,140 DEBUG cellsites Performing gradient descent...
2020-01-27 08:56:59,327 DEBUG cellsites Optimal K = 22...
2020-01-27 08:56:59,328 DEBUG cellsites Performing gradient descent...
2020-01-27 08:57:02,491 DEBUG cellsites Optimal K = 35...
2020-01-27 08:57:02,492 DEBUG cellsites Performing gradient descent...
2020-01-27 08:57:03,339 DEBUG cellsites Optimal K = 16...
2020-01-27 08:57:03,340 DEBUG cellsites Performing gradient descent...
2020-01-27 08:57:06,153 DEBUG cellsites Optimal K = 31...
2020-01-27 08:58:47,107 DEBUG cellsites Distributing cellsites...
2020-01-27 08:58:47,107 DEBUG cellsites Performing gradient descent...
2020-01-27 08:58:47,843 DEBUG cellsites Optimal K = 17...
2020-01-27 08:58:47,843 DEBUG cellsites Performing gradient descent...
2020-01-27 08:58:48,975 DEBUG cellsites Optimal K = 22...
2020-01-27 08:58:48,975 DEBUG cellsites Performing gradient descent...
2020-01-27 08:58:51,622 DEBUG cellsites Optimal K = 34...
2020-01-27 08:58:51,622 DEBUG cellsites Performing gradient descent...
2020-01-27 08:58:52,289 DEBUG cellsites Optimal K = 16...
2020-01-27 08:58:52,290 DEBUG cellsites Performing gradient descent...
2020-01-27 08:58:54,391 DEBUG cellsites Optimal K = 31...
2020-01-27 09:00:50,823 DEBUG cellsites Distributing cellsites...
2020-01-27 09:00:50,823 DEBUG cellsites Performing gradient descent...
2020-01-27 09:00:51,560 DEBUG cellsites Optimal K = 17...
2020-01-27 09:00:51,560 DEBUG cellsites Performing gradient descent...
2020-01-27 09:00:52,967 DEBUG cellsites Optimal K = 23...
2020-01-27 09:00:52,967 DEBUG cellsites Performing gradient descent...
2020-01-27 09:01:06,439 DEBUG cellsites Distributing cellsites...
2020-01-27 09:01:06,439 DEBUG cellsites Performing gradient descent...
2020-01-27 09:01:07,179 DEBUG cellsites Optimal K = 17...
2020-01-27 09:01:07,180 DEBUG cellsites Performing gradient descent...
2020-01-27 09:01:08,521 DEBUG cellsites Optimal K = 23...
2020-01-27 09:01:08,521 DEBUG cellsites Performing gradient descent...
2020-01-27 09:01:11,116 DEBUG cellsites Optimal K = 34...
2020-01-27 09:01:11,116 DEBUG cellsites Performing gradient descent...
2020-01-27 09:01:11,894 DEBUG cellsites Optimal K = 16...
2020-01-27 09:01:11,895 DEBUG cellsites Performing gradient descent...
2020-01-27 09:01:13,976 DEBUG cellsites Optimal K = 30...
2020-01-27 09:01:42,189 DEBUG cellsites Distributing cellsites...
2020-01-27 09:01:42,190 DEBUG cellsites Performing gradient descent...
2020-01-27 09:01:42,954 DEBUG cellsites Optimal K = 17...
2020-01-27 09:01:42,955 DEBUG cellsites Performing gradient descent...
2020-01-27 09:01:44,229 DEBUG cellsites Optimal K = 23...
2020-01-27 09:01:44,229 DEBUG cellsites Performing gradient descent...
2020-01-27 09:01:46,950 DEBUG cellsites Optimal K = 34...
2020-01-27 09:01:46,951 DEBUG cellsites Performing gradient descent...
2020-01-27 09:01:47,658 DEBUG cellsites Optimal K = 16...
2020-01-27 09:01:47,658 DEBUG cellsites Performing gradient descent...
2020-01-27 09:01:49,653 DEBUG cellsites Optimal K = 30...
2020-01-27 09:02:25,286 DEBUG cellsites Distributing cellsites...
2020-01-27 09:02:25,287 DEBUG cellsites Performing gradient descent...
2020-01-27 09:02:26,082 DEBUG cellsites Optimal K = 17...
2020-01-27 09:02:26,083 DEBUG cellsites Performing gradient descent...
2020-01-27 09:02:27,257 DEBUG cellsites Optimal K = 22...
2020-01-27 09:02:27,258 DEBUG cellsites Performing gradient descent...
2020-01-27 09:02:29,737 DEBUG cellsites Optimal K = 34...
2020-01-27 09:02:29,737 DEBUG cellsites Performing gradient descent...
2020-01-27 09:02:30,404 DEBUG cellsites Optimal K = 16...
2020-01-27 09:02:30,405 DEBUG cellsites Performing gradient descent...
2020-01-27 09:02:32,388 DEBUG cellsites Optimal K = 30...
2020-01-27 09:03:41,600 DEBUG cellsites Distributing cellsites...
2020-01-27 09:03:41,600 DEBUG cellsites Performing gradient descent...
2020-01-27 09:03:42,291 DEBUG cellsites Optimal K = 17...
2020-01-27 09:03:42,291 DEBUG cellsites Performing gradient descent...
2020-01-27 09:03:43,603 DEBUG cellsites Optimal K = 23...
2020-01-27 09:03:43,604 DEBUG cellsites Performing gradient descent...
2020-01-27 09:03:46,521 DEBUG cellsites Optimal K = 34...
2020-01-27 09:03:46,522 DEBUG cellsites Performing gradient descent...
2020-01-27 09:03:47,279 DEBUG cellsites Optimal K = 16...
2020-01-27 09:03:47,280 DEBUG cellsites Performing gradient descent...
2020-01-27 09:03:49,828 DEBUG cellsites Optimal K = 30...
2020-01-27 09:04:46,416 DEBUG cellsites Creating threads......
2020-01-27 09:04:46,416 DEBUG cellsites Distributing cell sites......
2020-01-27 09:04:47,152 DEBUG cellsites Optimal K = 17...
2020-01-27 09:04:47,152 DEBUG cellsites Distributing cell sites......
2020-01-27 09:04:48,310 DEBUG cellsites Optimal K = 22...
2020-01-27 09:04:48,310 DEBUG cellsites Distributing cell sites......
2020-01-27 09:04:50,997 DEBUG cellsites Optimal K = 35...
2020-01-27 09:04:50,998 DEBUG cellsites Distributing cell sites......
2020-01-27 09:04:51,701 DEBUG cellsites Optimal K = 16...
2020-01-27 09:04:51,702 DEBUG cellsites Distributing cell sites......
2020-01-27 09:04:53,942 DEBUG cellsites Optimal K = 31...
2020-01-27 09:05:07,256 DEBUG cellsites Creating threads......
2020-01-27 09:05:07,256 DEBUG cellsites Distributing cell sites...
2020-01-27 09:05:08,154 DEBUG cellsites Optimal K = 17...
2020-01-27 09:05:08,155 DEBUG cellsites Distributing cell sites...
2020-01-27 09:05:09,468 DEBUG cellsites Optimal K = 23...
2020-01-27 09:05:09,469 DEBUG cellsites Distributing cell sites...
2020-01-27 09:05:11,989 DEBUG cellsites Optimal K = 34...
2020-01-27 09:05:11,989 DEBUG cellsites Distributing cell sites...
2020-01-27 09:05:12,641 DEBUG cellsites Optimal K = 16...
2020-01-27 09:05:12,642 DEBUG cellsites Distributing cell sites...
2020-01-27 09:05:14,773 DEBUG cellsites Optimal K = 31...
2020-01-27 09:05:52,627 DEBUG cellsites Creating threads......
2020-01-27 09:05:52,628 DEBUG cellsites Distributing cell sites...
2020-01-27 09:05:53,352 DEBUG cellsites Optimal K = 17...
2020-01-27 09:05:53,352 DEBUG cellsites Distributing cell sites...
2020-01-27 09:05:54,545 DEBUG cellsites Optimal K = 23...
2020-01-27 09:05:54,546 DEBUG cellsites Distributing cell sites...
2020-01-27 09:05:57,129 DEBUG cellsites Optimal K = 35...
2020-01-27 09:05:57,129 DEBUG cellsites Distributing cell sites...
2020-01-27 09:05:57,792 DEBUG cellsites Optimal K = 16...
2020-01-27 09:05:57,792 DEBUG cellsites Distributing cell sites...
2020-01-27 09:05:59,878 DEBUG cellsites Optimal K = 31...
2020-01-27 09:19:19,866 DEBUG cellsites Creating threads......
2020-01-27 09:19:19,866 DEBUG cellsites Distributing cell sites...
2020-01-27 09:19:20,803 DEBUG cellsites Optimal K = 19...
2020-01-27 09:19:20,803 DEBUG cellsites Distributing cell sites...
2020-01-27 09:19:23,318 DEBUG cellsites Optimal K = 33...
2020-01-27 09:19:23,318 DEBUG cellsites Distributing cell sites...
2020-01-27 09:19:24,523 DEBUG cellsites Optimal K = 22...
2020-01-27 09:19:24,523 DEBUG cellsites Distributing cell sites...
2020-01-27 09:19:25,226 DEBUG cellsites Optimal K = 16...
2020-01-27 09:19:25,226 DEBUG cellsites Distributing cell sites...
2020-01-27 09:19:27,366 DEBUG cellsites Optimal K = 30...
2020-01-27 09:24:11,598 DEBUG cellsites Creating threads......
2020-01-27 09:24:11,598 DEBUG cellsites Distributing cell sites...
2020-01-27 09:24:12,536 DEBUG cellsites Optimal K = 19...
2020-01-27 09:24:12,536 DEBUG cellsites Distributing cell sites...
2020-01-27 09:24:15,098 DEBUG cellsites Optimal K = 33...
2020-01-27 09:24:15,098 DEBUG cellsites Distributing cell sites...
2020-01-27 09:24:16,287 DEBUG cellsites Optimal K = 22...
2020-01-27 09:24:16,287 DEBUG cellsites Distributing cell sites...
2020-01-27 09:24:17,006 DEBUG cellsites Optimal K = 16...
2020-01-27 09:24:17,006 DEBUG cellsites Distributing cell sites...
2020-01-27 09:24:19,130 DEBUG cellsites Optimal K = 30...
2020-01-27 09:47:32,619 DEBUG cellsites Creating threads......
2020-01-27 09:47:32,619 DEBUG cellsites Distributing cell sites...
2020-01-27 09:47:33,572 DEBUG cellsites Optimal K = 19...
2020-01-27 09:47:33,572 DEBUG cellsites Distributing cell sites...
2020-01-27 09:47:36,151 DEBUG cellsites Optimal K = 33...
2020-01-27 09:47:36,151 DEBUG cellsites Distributing cell sites...
2020-01-27 09:47:37,354 DEBUG cellsites Optimal K = 22...
2020-01-27 09:47:37,354 DEBUG cellsites Distributing cell sites...
2020-01-27 09:47:38,026 DEBUG cellsites Optimal K = 16...
2020-01-27 09:47:38,026 DEBUG cellsites Distributing cell sites...
2020-01-27 09:47:40,183 DEBUG cellsites Optimal K = 30...
2020-01-27 09:58:04,211 DEBUG cellsites Creating threads......
2020-01-27 09:58:04,211 DEBUG cellsites Distributing cell sites...
2020-01-27 09:58:05,164 DEBUG cellsites Optimal K = 19...
2020-01-27 09:58:05,164 DEBUG cellsites Distributing cell sites...
2020-01-27 09:58:07,698 DEBUG cellsites Optimal K = 33...
2020-01-27 09:58:07,698 DEBUG cellsites Distributing cell sites...
2020-01-27 09:58:08,885 DEBUG cellsites Optimal K = 22...
2020-01-27 09:58:08,885 DEBUG cellsites Distributing cell sites...
2020-01-27 09:58:09,573 DEBUG cellsites Optimal K = 16...
2020-01-27 09:58:09,573 DEBUG cellsites Distributing cell sites...
2020-01-27 09:58:11,714 DEBUG cellsites Optimal K = 30...
2020-01-27 10:46:17,495 DEBUG cellsites Creating threads......
2020-01-27 10:46:17,499 DEBUG cellsites Distributing cell sites...
2020-01-27 10:46:18,603 DEBUG cellsites Optimal K = 19...
2020-01-27 10:46:18,604 DEBUG cellsites Distributing cell sites...
2020-01-27 10:46:21,288 DEBUG cellsites Optimal K = 33...
2020-01-27 10:46:21,289 DEBUG cellsites Distributing cell sites...
2020-01-27 10:46:22,575 DEBUG cellsites Optimal K = 22...
2020-01-27 10:46:22,576 DEBUG cellsites Distributing cell sites...
2020-01-27 10:46:23,318 DEBUG cellsites Optimal K = 16...
2020-01-27 10:46:23,319 DEBUG cellsites Distributing cell sites...
2020-01-27 10:46:25,605 DEBUG cellsites Optimal K = 30...
2020-01-27 18:09:14,214 DEBUG cellsites Creating threads......
2020-01-27 18:09:14,216 DEBUG cellsites Distributing cell sites...
2020-01-27 18:09:15,387 DEBUG cellsites Optimal K = 19...
2020-01-27 18:09:15,389 DEBUG cellsites Distributing cell sites...
2020-01-27 18:09:18,956 DEBUG cellsites Optimal K = 33...
2020-01-27 18:09:18,957 DEBUG cellsites Distributing cell sites...
2020-01-27 18:09:20,680 DEBUG cellsites Optimal K = 23...
2020-01-27 18:09:20,681 DEBUG cellsites Distributing cell sites...
2020-01-27 18:09:21,689 DEBUG cellsites Optimal K = 16...
2020-01-27 18:09:21,690 DEBUG cellsites Distributing cell sites...
2020-01-27 18:09:25,170 DEBUG cellsites Optimal K = 31...
2020-01-28 10:16:17,509 DEBUG cellsites Creating threads......
2020-01-28 10:16:17,510 DEBUG cellsites Distributing cell sites...
2020-01-28 10:16:18,593 DEBUG cellsites Optimal K = 19...
2020-01-28 10:16:18,594 DEBUG cellsites Distributing cell sites...
2020-01-28 10:16:21,255 DEBUG cellsites Optimal K = 33...
2020-01-28 10:16:21,256 DEBUG cellsites Distributing cell sites...
2020-01-28 10:16:22,627 DEBUG cellsites Optimal K = 23...
2020-01-28 10:16:22,628 DEBUG cellsites Distributing cell sites...
2020-01-28 10:16:23,357 DEBUG cellsites Optimal K = 16...
2020-01-28 10:16:23,357 DEBUG cellsites Distributing cell sites...
2020-01-28 10:16:25,784 DEBUG cellsites Optimal K = 31...
2020-01-28 10:18:19,559 DEBUG cellsites Creating threads......
2020-01-28 10:18:19,560 DEBUG cellsites Distributing cell sites...
2020-01-28 10:18:20,652 DEBUG cellsites Optimal K = 19...
2020-01-28 10:18:20,652 DEBUG cellsites Distributing cell sites...
2020-01-28 10:18:23,395 DEBUG cellsites Optimal K = 33...
2020-01-28 10:18:23,395 DEBUG cellsites Distributing cell sites...
2020-01-28 10:18:24,826 DEBUG cellsites Optimal K = 23...
2020-01-28 10:18:24,827 DEBUG cellsites Distributing cell sites...
2020-01-28 10:18:25,561 DEBUG cellsites Optimal K = 16...
2020-01-28 10:18:25,561 DEBUG cellsites Distributing cell sites...
2020-01-28 10:18:27,701 DEBUG cellsites Optimal K = 29...
2020-01-28 11:26:11,453 DEBUG cellsites Creating threads......
2020-01-28 11:26:11,455 DEBUG cellsites Distributing cell sites...
2020-01-28 11:26:17,650 DEBUG cellsites Optimal K = 40...
2020-01-28 11:26:17,652 DEBUG cellsites Distributing cell sites...
2020-01-28 11:26:28,235 DEBUG cellsites Optimal K = 59...
2020-01-28 11:26:28,237 DEBUG cellsites Distributing cell sites...
2020-01-28 11:26:32,527 DEBUG cellsites Optimal K = 43...
2020-01-28 11:26:32,528 DEBUG cellsites Distributing cell sites...
2020-01-28 11:26:35,792 DEBUG cellsites Optimal K = 36...
2020-01-28 11:26:35,793 DEBUG cellsites Distributing cell sites...
2020-01-28 11:26:41,850 DEBUG cellsites Optimal K = 52...
2020-01-28 11:27:32,161 DEBUG cellsites Creating threads......
2020-01-28 11:27:32,176 DEBUG cellsites Distributing cell sites...
2020-01-28 11:27:33,118 DEBUG cellsites Optimal K = 17...
2020-01-28 11:27:33,119 DEBUG cellsites Distributing cell sites...
2020-01-28 11:27:35,509 DEBUG cellsites Optimal K = 31...
2020-01-28 11:27:35,510 DEBUG cellsites Distributing cell sites...
2020-01-28 11:27:36,574 DEBUG cellsites Optimal K = 20...
2020-01-28 11:27:36,575 DEBUG cellsites Distributing cell sites...
2020-01-28 11:27:37,147 DEBUG cellsites Optimal K = 14...
2020-01-28 11:27:37,159 DEBUG cellsites Distributing cell sites...
2020-01-28 11:27:39,144 DEBUG cellsites Optimal K = 28...
